0 info it worked if it ends with ok
1 verbose cli [ 'node',
1 verbose cli   '/Users/hharnisch/.nvm/v0.10.31/bin/npm',
1 verbose cli   'run',
1 verbose cli   'test' ]
2 info using npm@2.8.3
3 info using node@v0.10.31
4 verbose run-script [ 'pretest', 'test', 'posttest' ]
5 info pretest ot-p2p-model@0.0.3
6 info test ot-p2p-model@0.0.3
7 verbose unsafe-perm in lifecycle true
8 info ot-p2p-model@0.0.3 Failed to exec test script
9 verbose stack Error: ot-p2p-model@0.0.3 test: `./node_modules/mocha/bin/mocha --compilers js:babel/register`
9 verbose stack Exit status 1
9 verbose stack     at EventEmitter.<anonymous> (/Users/hharnisch/.nvm/v0.10.31/lib/node_modules/npm/lib/utils/lifecycle.js:213:16)
9 verbose stack     at EventEmitter.emit (events.js:98:17)
9 verbose stack     at ChildProcess.<anonymous> (/Users/hharnisch/.nvm/v0.10.31/lib/node_modules/npm/lib/utils/spawn.js:24:14)
9 verbose stack     at ChildProcess.emit (events.js:98:17)
9 verbose stack     at maybeClose (child_process.js:756:16)
9 verbose stack     at Process.ChildProcess._handle.onexit (child_process.js:823:5)
10 verbose pkgid ot-p2p-model@0.0.3
11 verbose cwd /Users/hharnisch/Documents/Node/ot-p2p-model
12 error Darwin 14.3.0
13 error argv "node" "/Users/hharnisch/.nvm/v0.10.31/bin/npm" "run" "test"
14 error node v0.10.31
15 error npm  v2.8.3
16 error code ELIFECYCLE
17 error ot-p2p-model@0.0.3 test: `./node_modules/mocha/bin/mocha --compilers js:babel/register`
17 error Exit status 1
18 error Failed at the ot-p2p-model@0.0.3 test script './node_modules/mocha/bin/mocha --compilers js:babel/register'.
18 error This is most likely a problem with the ot-p2p-model package,
18 error not with npm itself.
18 error Tell the author that this fails on your system:
18 error     ./node_modules/mocha/bin/mocha --compilers js:babel/register
18 error You can get their info via:
18 error     npm owner ls ot-p2p-model
18 error There is likely additional logging output above.
19 verbose exit [ 1, true ]
